生成启动时间为 2021/3/4 下午 10:56:05。
     1>项目“D:\git中的项目\my_strcpy\my_strcpy\my_strcpy\my_strcpy.vcxproj”在节点 2 上(build 个目标)。
     1>PrepareForBuild:
         正在创建目录“D:\git中的项目\my_strcpy\my_strcpy\Debug\”。
       InitializeBuildStatus:
         正在创建“Debug\my_strcpy.unsuccessfulbuild”，因为已指定“AlwaysCreate”。
       ClCompile:
         d:\vc++2010\VC\bin\CL.exe /c /ZI /nologo /W3 /WX- /Od /Oy- /D _MBCS /Gm /EHsc /RTC1 /MDd /GS /fp:precise /Zc:wchar_t /Zc:forScope /Fo"Debug\\" /Fd"Debug\vc100.pdb" /Gd /TP /analyze- /errorReport:prompt my_strcpy.cpp
         my_strcpy.cpp
       Link:
         d:\vc++2010\VC\bin\link.exe /ERRORREPORT:PROMPT /OUT:"D:\git中的项目\my_strcpy\my_strcpy\Debug\my_strcpy.exe" /NOLOGO kernel32.lib user32.lib gdi32.lib winspool.lib comdlg32.lib advapi32.lib shell32.lib ole32.lib oleaut32.lib uuid.lib odbc32.lib odbccp32.lib /MANIFEST /ManifestFile:"Debug\my_strcpy.exe.intermediate.manifest" /MANIFESTUAC:"level='asInvoker' uiAccess='false'" /DEBUG /PDB:"D:\git中的项目\my_strcpy\my_strcpy\Debug\my_strcpy.pdb" /SUBSYSTEM:CONSOLE /TLBID:1 /DYNAMICBASE /NXCOMPAT /IMPLIB:"D:\git中的项目\my_strcpy\my_strcpy\Debug\my_strcpy.lib" /MACHINE:X86 Debug\my_strcpy.obj
         my_strcpy.vcxproj -> D:\git中的项目\my_strcpy\my_strcpy\Debug\my_strcpy.exe
       Manifest:
         C:\Program Files (x86)\Microsoft SDKs\Windows\v7.0A\bin\mt.exe /nologo /verbose /outputresource:"D:\git中的项目\my_strcpy\my_strcpy\Debug\my_strcpy.exe;#1" /manifest Debug\my_strcpy.exe.intermediate.manifest
       FinalizeBuildStatus:
         正在删除文件“Debug\my_strcpy.unsuccessfulbuild”。
         正在对“Debug\my_strcpy.lastbuildstate”执行 Touch 任务。
     1>已完成生成项目“D:\git中的项目\my_strcpy\my_strcpy\my_strcpy\my_strcpy.vcxproj”(build 个目标)的操作。

生成成功。

已用时间 00:00:01.45
